action: mypy, msg: envreport
cwd: /repos/epics-containers.github.io
cmd: /venv/bin/python -m pip freeze
Traceback (most recent call last):
  File "/usr/lib/python3.10/runpy.py", line 196, in _run_module_as_main
    return _run_code(code, main_globals, None,
  File "/usr/lib/python3.10/runpy.py", line 86, in _run_code
    exec(code, run_globals)
  File "/venv/lib/python3.10/site-packages/pip/__main__.py", line 29, in <module>
  File "/venv/lib/python3.10/site-packages/pip/_internal/cli/main.py", line 9, in <module>
    from pip._internal.cli.autocompletion import autocomplete
  File "/venv/lib/python3.10/site-packages/pip/_internal/cli/autocompletion.py", line 12, in <module>
    from pip._internal.metadata import get_default_environment
  File "/venv/lib/python3.10/site-packages/pip/_internal/metadata/__init__.py", line 3, in <module>
    from .base import BaseDistribution, BaseEnvironment, FilesystemWheel, MemoryWheel, Wheel
  File "/venv/lib/python3.10/site-packages/pip/_internal/metadata/base.py", line 21, in <module>
    from pip._vendor.packaging.requirements import Requirement
  File "/venv/lib/python3.10/site-packages/pip/_vendor/packaging/requirements.py", line 10, in <module>
    from pip._vendor.pyparsing import (  # noqa
  File "/venv/lib/python3.10/site-packages/pip/_vendor/pyparsing/__init__.py", line 141, in <module>
    from .helpers import *
  File "/venv/lib/python3.10/site-packages/pip/_vendor/pyparsing/helpers.py", line 688, in <module>
    common_html_entity = Regex("&(?P<entity>" + "|".join(_htmlEntityMap) + ");").set_name(
  File "/venv/lib/python3.10/site-packages/pip/_vendor/pyparsing/core.py", line 2933, in __init__
    self.re = re.compile(self.pattern, self.flags)
  File "/usr/lib/python3.10/re.py", line 251, in compile
    return _compile(pattern, flags)
  File "/usr/lib/python3.10/re.py", line 303, in _compile
    p = sre_compile.compile(pattern, flags)
  File "/usr/lib/python3.10/sre_compile.py", line 792, in compile
    code = _code(p, flags)
  File "/usr/lib/python3.10/sre_compile.py", line 631, in _code
    _compile(code, p.data, flags)
  File "/usr/lib/python3.10/sre_compile.py", line 184, in _compile
    _compile(code, p, _combine_flags(flags, add_flags, del_flags))
  File "/usr/lib/python3.10/sre_compile.py", line 225, in _compile
    _compile(code, av, flags)
  File "/usr/lib/python3.10/sre_compile.py", line 106, in _compile
    for op, av in pattern:
  File "/usr/lib/python3.10/sre_parse.py", line 165, in __getitem__
    def __getitem__(self, index):
KeyboardInterrupt
