action: mypy, msg: envreport
cwd: /scratch/hgv27681/work/epics-containers.github.io
cmd: /scratch/hgv27681/work/venv/bin/python -m pip freeze
accessible-pygments==0.0.4
aioca==1.7
alabaster==0.7.13
annotated-types==0.6.0
apischema==0.18.0
attrs==23.1.0
Babel==2.13.0
bcrypt==4.0.1
beautifulsoup4==4.12.2
black==23.9.1
blosc==1.11.1
c2dataviewer==1.11.2
certifi==2023.7.22
cffi==1.16.0
cfgv==3.4.0
charset-normalizer==3.3.0
click==8.1.7
colorama==0.4.6
cothread==2.19.1
coverage==7.3.2
cryptography==41.0.4
distlib==0.3.7
dls-backup-bl @ file:///scratch/hgv27681/work/dls_backup_bl
dls-pmacanalyse==2.1.0
dls-pmaclib==3.0.1
docutils==0.19
epics-containers @ file:///scratch/hgv27681/work/epics-containers.github.io
-e git+ssh://git@github.com/epics-containers/epics-containers-cli.git@01f6a343fa2a7cb2063722cd9ad87f1d664e60f0#egg=epics_containers_cli
epicscorelibs==7.0.7.99.0.2
epicsdbbuilder==1.5
filelock==3.12.4
flake8==6.1.0
flake8-isort==6.1.0
Flake8-pyproject==1.2.3
gitdb==4.0.10
GitPython==3.1.38
h5py==3.9.0
ibek==1.4.0
identify==2.5.30
idna==3.4
imagesize==1.4.1
importlib-metadata==4.13.0
iniconfig==2.0.0
isort==5.12.0
Jinja2==3.1.2
livereload==2.6.3
lxml==4.9.3
markdown-it-py==3.0.0
MarkupSafe==2.1.3
mccabe==0.7.0
mdurl==0.1.2
mock==5.1.0
mypy==1.5.1
mypy-extensions==1.0.0
nodeenv==1.8.0
nose2==0.14.0
numpy==1.26.0
p4p==4.1.10
packaging==23.2
pandablocks==0.5.3
-e git+ssh://git@github.com/PandABlocks/PandABlocks-ioc.git@659b332eced0ba82f5e6d725b5d5de213377f414#egg=pandablocks_ioc
paramiko==3.3.1
pathlib2==2.3.7.post1
pathspec==0.11.2
pexpect==4.8.0
pipdeptree==2.13.0
platformdirs==3.11.0
pluggy==1.3.0
ply==3.11
pre-commit==3.4.0
pre-commit-hooks==4.5.0
psutil==5.9.5
ptyprocess==0.7.0
pvapy==5.3.0
-e git+ssh://git@github.com/epics-containers/pvi.git@35fba562d1fed8a31bdb3a70f0c6c27f0f49ca9f#egg=pvi
pvxslibs==1.2.3
py==1.11.0
pycodestyle==2.11.0
pycparser==2.21
pydantic==2.4.2
pydantic_core==2.10.1
pydata-sphinx-theme==0.14.1
pyflakes==3.1.0
Pygments==2.16.1
PyNaCl==1.5.0
PyQt5==5.15.9
PyQt5-Qt5==5.15.2
PyQt5-sip==12.12.2
pyqtgraph==0.12.4
pyserial==3.5
pytest==7.4.2
pytest-asyncio==0.21.1
pytest-cov==4.1.0
PyYAML==6.0.1
requests==2.31.0
rich==13.6.0
ruamel.yaml==0.17.35
ruamel.yaml.clib==0.2.8
ruff==0.0.292
setuptools-dso==2.10a1
shellingham==1.5.3
six==1.16.0
smmap==5.0.1
snowballstemmer==2.2.0
softioc==4.4.0
soupsieve==2.5
Sphinx==7.2.6
sphinx-autobuild==2021.3.14
sphinx-copybutton==0.5.2
sphinx_design==0.5.0
sphinxcontrib-applehelp==1.0.7
sphinxcontrib-devhelp==1.0.5
sphinxcontrib-htmlhelp==2.0.4
sphinxcontrib-jsmath==1.0.1
sphinxcontrib-qthelp==1.0.6
sphinxcontrib-serializinghtml==1.1.9
tornado==6.3.3
tox==3.28.0
tox-direct==0.4
typer==0.9.0
types-mock==5.1.0.2
types-requests==2.31.0.10
typing_extensions==4.8.0
urllib3==2.0.6
virtualenv==20.24.5
zipp==3.17.0
