action: docs, msg: envreport
cwd: /scratch/hgv27681/work/epics-containers.github.io
cmd: /venv/bin/python -m pip freeze
accessible-pygments==0.0.4
alabaster==0.7.13
attrs==22.2.0
Babel==2.12.1
beautifulsoup4==4.12.0
black==22.10.0
certifi==2022.12.7
cfgv==3.3.1
charset-normalizer==3.1.0
click==8.1.3
colorama==0.4.6
commonmark==0.9.1
coverage==7.2.2
distlib==0.3.6
docutils==0.19
-e git+ssh://git@github.com/epics-containers/epics-containers.github.io.git@b6bf66b0d40b35c22e0304b13bb8e1e0e4a6ebb8#egg=epics_containers
-e git+ssh://git@github.com/epics-containers/epics-containers-cli.git@e3bc22b447f7abe227ebfb695e8c1c044c7d2168#egg=epics_containers_cli
exceptiongroup==1.1.1
filelock==3.10.0
flake8==6.0.0
flake8-isort==6.0.0
Flake8-pyproject==1.2.3
identify==2.5.21
idna==3.4
imagesize==1.4.1
iniconfig==2.0.0
isort==5.12.0
Jinja2==3.1.2
livereload==2.6.3
MarkupSafe==2.1.2
mccabe==0.7.0
mypy==1.1.1
mypy-extensions==1.0.0
nodeenv==1.7.0
packaging==23.0
pathlib2==2.3.7.post1
pathspec==0.11.1
pipdeptree==2.6.0
platformdirs==3.1.1
pluggy==1.0.0
pre-commit==3.2.0
py==1.11.0
pycodestyle==2.10.0
pydata-sphinx-theme==0.13.3
pyflakes==3.0.1
Pygments==2.14.0
pytest==7.2.2
pytest-cov==4.0.0
python3-pip-skeleton==3.3.0
PyYAML==6.0
requests==2.28.2
rich==12.6.0
ruamel.yaml==0.17.21
ruamel.yaml.clib==0.2.7
setuptools-scm==7.1.0
shellingham==1.5.0.post1
six==1.16.0
snowballstemmer==2.2.0
soupsieve==2.4
Sphinx==5.3.0
sphinx-autobuild==2021.3.14
sphinx-copybutton==0.5.1
sphinx_design==0.3.0
sphinxcontrib-applehelp==1.0.4
sphinxcontrib-devhelp==1.0.2
sphinxcontrib-htmlhelp==2.0.1
sphinxcontrib-jsmath==1.0.1
sphinxcontrib-qthelp==1.0.3
sphinxcontrib-serializinghtml==1.1.5
tomli==2.0.1
tornado==6.2
tox==3.28.0
tox-direct==0.4
typer==0.7.0
types-mock==5.0.0.5
types-requests==2.28.11.17
types-urllib3==1.26.25.10
typing_extensions==4.5.0
urllib3==1.26.15
virtualenv==20.21.0
