action: docs, msg: envreport
cwd: /scratch/hgv27681/work/epics-containers.github.io
cmd: /venv/bin/python -m pip freeze
accessible-pygments==0.0.4
alabaster==0.7.13
Babel==2.12.1
beautifulsoup4==4.12.2
black==23.3.0
certifi==2023.5.7
cfgv==3.3.1
charset-normalizer==3.1.0
click==8.1.3
colorama==0.4.6
coverage==7.2.7
distlib==0.3.6
docutils==0.19
-e git+ssh://git@github.com/epics-containers/epics-containers.github.io.git@f6ab4ac58a823ee858497d41e5c2e927c30cbbab#egg=epics_containers
-e git+ssh://git@github.com/epics-containers/epics-containers-cli.git@76e89645755b060657ee82f809704697b44b595e#egg=epics_containers_cli
exceptiongroup==1.1.1
filelock==3.12.0
flake8==6.0.0
flake8-isort==6.0.0
Flake8-pyproject==1.2.3
identify==2.5.24
idna==3.4
imagesize==1.4.1
iniconfig==2.0.0
isort==5.12.0
Jinja2==3.1.2
livereload==2.6.3
markdown-it-py==2.2.0
MarkupSafe==2.1.3
mccabe==0.7.0
mdurl==0.1.2
mypy==1.3.0
mypy-extensions==1.0.0
nodeenv==1.8.0
packaging==23.1
pathlib2==2.3.7.post1
pathspec==0.11.1
pipdeptree==2.7.1
platformdirs==3.5.1
pluggy==1.0.0
pre-commit==3.3.2
py==1.11.0
pycodestyle==2.10.0
pydata-sphinx-theme==0.13.3
pyflakes==3.0.1
Pygments==2.15.1
pytest==7.3.1
pytest-cov==4.1.0
python3-pip-skeleton==3.4.0
PyYAML==6.0
requests==2.31.0
rich==13.4.1
ruamel.yaml==0.17.31
ruamel.yaml.clib==0.2.7
shellingham==1.5.0.post1
six==1.16.0
snowballstemmer==2.2.0
soupsieve==2.4.1
Sphinx==6.2.1
sphinx-autobuild==2021.3.14
sphinx-copybutton==0.5.2
sphinx_design==0.4.1
sphinxcontrib-applehelp==1.0.4
sphinxcontrib-devhelp==1.0.2
sphinxcontrib-htmlhelp==2.0.1
sphinxcontrib-jsmath==1.0.1
sphinxcontrib-qthelp==1.0.3
sphinxcontrib-serializinghtml==1.1.5
toml==0.10.2
tomli==2.0.1
tornado==6.3.2
tox==3.28.0
tox-direct==0.4
typer==0.9.0
types-mock==5.0.0.6
types-requests==2.31.0.1
types-toml==0.10.8.6
types-urllib3==1.26.25.13
typing_extensions==4.6.3
urllib3==2.0.2
virtualenv==20.23.0
