action: docs, msg: parallel docs
cwd: /scratch/hgv27681/work/epics-containers.github.io
cmd: /venv/bin/python3 /venv/lib/python3.10/site-packages/tox/__main__.py -p
docs installed: accessible-pygments==0.0.3,alabaster==0.7.13,attrs==22.2.0,Babel==2.12.1,beautifulsoup4==4.12.0,black==23.1.0,certifi==2022.12.7,cfgv==3.3.1,charset-normalizer==3.1.0,click==8.1.3,colorama==0.4.6,coverage==7.2.2,distlib==0.3.6,docutils==0.19,-e git+ssh://git@github.com/epics-containers/epics-containers.github.io.git@a6d396ff065d5a1aa8e96aacdcf8736bf9cb6fcf#egg=epics_containers,exceptiongroup==1.1.1,filelock==3.10.0,flake8==6.0.0,flake8-isort==6.0.0,Flake8-pyproject==1.2.3,identify==2.5.21,idna==3.4,imagesize==1.4.1,iniconfig==2.0.0,isort==5.12.0,Jinja2==3.1.2,livereload==2.6.3,MarkupSafe==2.1.2,mccabe==0.7.0,mypy==1.1.1,mypy-extensions==1.0.0,nodeenv==1.7.0,packaging==23.0,pathlib2==2.3.7.post1,pathspec==0.11.1,pipdeptree==2.6.0,platformdirs==3.1.1,pluggy==1.0.0,pre-commit==3.2.0,py==1.11.0,pycodestyle==2.10.0,pydata-sphinx-theme==0.13.1,pyflakes==3.0.1,Pygments==2.14.0,pytest==7.2.2,pytest-cov==4.0.0,PyYAML==6.0,requests==2.28.2,six==1.16.0,snowballstemmer==2.2.0,soupsieve==2.4,Sphinx==5.3.0,sphinx-autobuild==2021.3.14,sphinx-copybutton==0.5.1,sphinx_design==0.3.0,sphinxcontrib-applehelp==1.0.4,sphinxcontrib-devhelp==1.0.2,sphinxcontrib-htmlhelp==2.0.1,sphinxcontrib-jsmath==1.0.1,sphinxcontrib-qthelp==1.0.3,sphinxcontrib-serializinghtml==1.1.5,tomli==2.0.1,tornado==6.2,tox==3.28.0,tox-direct==0.4,types-mock==5.0.0.5,typing_extensions==4.5.0,urllib3==1.26.15,virtualenv==20.21.0
docs run-test-pre: PYTHONHASHSEED='2431062094'
docs run-test: commands[0] | sphinx-build -EW --keep-going -T docs build/html
Running Sphinx v5.3.0
*** Can't read version switcher, is GitHub pages enabled? 
    Once Docs CI job has successfully run once, set the Github pages source branch to be 'gh-pages' at:
    https://github.com/epics-containers/epics_containers/settings/pages
WARNING: logo file 'images/k8s-epics2.png' does not exist
WARNING: favicon file 'images/k8s-epics2.ico' does not exist
loading intersphinx inventory from https://docs.python.org/3/objects.inv...
building [mo]: targets for 0 po files that are out of date
building [html]: targets for 39 source files that are out of date
updating environment: [new config] 39 added, 0 changed, 0 removed
reading sources... [  2%] developer/explanations/decisions
reading sources... [  5%] developer/explanations/decisions/0001-record-architecture-decisions
reading sources... [  7%] developer/explanations/decisions/0002-switched-to-pip-skeleton
reading sources... [ 10%] developer/how-to/build-docs
reading sources... [ 12%] developer/how-to/contribute
reading sources... [ 15%] developer/how-to/lint
reading sources... [ 17%] developer/how-to/make-release
reading sources... [ 20%] developer/how-to/pin-requirements
reading sources... [ 23%] developer/how-to/run-tests
reading sources... [ 25%] developer/how-to/static-analysis
reading sources... [ 28%] developer/how-to/test-container
reading sources... [ 30%] developer/how-to/update-tools
reading sources... [ 33%] developer/index
reading sources... [ 35%] developer/reference/standards
reading sources... [ 38%] developer/tutorials/dev-install
reading sources... [ 41%] explanations/introduction
reading sources... [ 43%] explanations/kubernetes_cluster
reading sources... [ 46%] explanations/net_protocols
reading sources... [ 48%] explanations/whats_in
reading sources... [ 51%] genindex
reading sources... [ 53%] how-to/add_ioc
reading sources... [ 56%] how-to/create_ioc
reading sources... [ 58%] how-to/debug
reading sources... [ 61%] how-to/run_iocs
reading sources... [ 64%] index
reading sources... [ 66%] overview
reading sources... [ 69%] reference/cli
reading sources... [ 71%] reference/contributing
reading sources... [ 74%] reference/faq
reading sources... [ 76%] tutorials/create_beamline
reading sources... [ 79%] tutorials/deploy_example
reading sources... [ 82%] tutorials/manage_iocs
reading sources... [ 84%] tutorials/setup_k8s
reading sources... [ 87%] tutorials/useful_k8s
reading sources... [ 89%] user/explanations/docs-structure
reading sources... [ 92%] user/how-to/run-container
reading sources... [ 94%] user/index
reading sources... [ 97%] user/reference/api
reading sources... [100%] user/tutorials/installation

/scratch/hgv27681/work/epics-containers.github.io/docs/developer/explanations/decisions/0002-switched-to-pip-skeleton.rst:2: WARNING: Title underline too short.

2. Adopt epics-containers.github.io for project structure
===================================================
/scratch/hgv27681/work/epics-containers.github.io/docs/explanations/kubernetes_cluster.rst:53: WARNING: image file not readable: images/clusterHA.png
/scratch/hgv27681/work/epics-containers.github.io/docs/explanations/kubernetes_cluster.rst:57: WARNING: image file not readable: images/kubeadm-ha-topology-stacked-etcd.png
/scratch/hgv27681/work/epics-containers.github.io/docs/explanations/kubernetes_cluster.rst:66: WARNING: image file not readable: images/argus3.jpg
/scratch/hgv27681/work/epics-containers.github.io/docs/explanations/net_protocols.rst:: WARNING: image file not readable: images/caforwarder.png
/scratch/hgv27681/work/epics-containers.github.io/docs/explanations/net_protocols.rst:: WARNING: image file not readable: images/cabackwarder.png
/scratch/hgv27681/work/epics-containers.github.io/README.rst:: WARNING: image file not readable: images/example.png
/scratch/hgv27681/work/epics-containers.github.io/README.rst:: WARNING: image file not readable: images/image-hierarchy.png
/scratch/hgv27681/work/epics-containers.github.io/README.rst:44: WARNING: download file not readable: /scratch/hgv27681/work/epics-containers.github.io/docs/images/THBL04.PDF
/scratch/hgv27681/work/epics-containers.github.io/README.rst:45: WARNING: download file not readable: /scratch/hgv27681/work/epics-containers.github.io/docs/images/THBL04_talk.PDF
<rst_epilog>:4: WARNING: Duplicate explicit target name: "flake8".
<rst_epilog>:5: WARNING: Duplicate explicit target name: "isort".
<rst_epilog>:6: WARNING: Duplicate explicit target name: "mypy".
CONTRIBUTING.rst:39: ERROR: Duplicate target name, cannot be used as a unique reference: "flake8".
CONTRIBUTING.rst:40: ERROR: Duplicate target name, cannot be used as a unique reference: "isort".
CONTRIBUTING.rst:41: ERROR: Duplicate target name, cannot be used as a unique reference: "mypy".
/scratch/hgv27681/work/epics-containers.github.io/docs/tutorials/create_beamline.rst:: WARNING: image file not readable: images/create_repo.png
/scratch/hgv27681/work/epics-containers.github.io/docs/tutorials/create_beamline.rst:: WARNING: image file not readable: images/github_actions.png
/scratch/hgv27681/work/epics-containers.github.io/docs/tutorials/create_beamline.rst:: WARNING: image file not readable: images/github_package.png
/scratch/hgv27681/work/epics-containers.github.io/docs/tutorials/create_beamline.rst:: WARNING: image file not readable: images/github_example_package.png
/scratch/hgv27681/work/epics-containers.github.io/docs/tutorials/deploy_example.rst:: WARNING: image file not readable: images/edm_pco.png
/scratch/hgv27681/work/epics-containers.github.io/docs/tutorials/useful_k8s.rst:: WARNING: image file not readable: images/vcxsrv.png
looking for now-outdated files... none found
pickling environment... done
checking consistency... /scratch/hgv27681/work/epics-containers.github.io/docs/explanations/introduction.rst: WARNING: document isn't included in any toctree
/scratch/hgv27681/work/epics-containers.github.io/docs/explanations/kubernetes_cluster.rst: WARNING: document isn't included in any toctree
/scratch/hgv27681/work/epics-containers.github.io/docs/explanations/net_protocols.rst: WARNING: document isn't included in any toctree
/scratch/hgv27681/work/epics-containers.github.io/docs/explanations/whats_in.rst: WARNING: document isn't included in any toctree
/scratch/hgv27681/work/epics-containers.github.io/docs/how-to/add_ioc.rst: WARNING: document isn't included in any toctree
/scratch/hgv27681/work/epics-containers.github.io/docs/how-to/create_ioc.rst: WARNING: document isn't included in any toctree
/scratch/hgv27681/work/epics-containers.github.io/docs/how-to/debug.rst: WARNING: document isn't included in any toctree
/scratch/hgv27681/work/epics-containers.github.io/docs/how-to/run_iocs.rst: WARNING: document isn't included in any toctree
/scratch/hgv27681/work/epics-containers.github.io/docs/reference/cli.rst: WARNING: document isn't included in any toctree
/scratch/hgv27681/work/epics-containers.github.io/docs/reference/contributing.rst: WARNING: document isn't included in any toctree
/scratch/hgv27681/work/epics-containers.github.io/docs/reference/faq.rst: WARNING: document isn't included in any toctree
/scratch/hgv27681/work/epics-containers.github.io/docs/tutorials/create_beamline.rst: WARNING: document isn't included in any toctree
/scratch/hgv27681/work/epics-containers.github.io/docs/tutorials/deploy_example.rst: WARNING: document isn't included in any toctree
/scratch/hgv27681/work/epics-containers.github.io/docs/tutorials/manage_iocs.rst: WARNING: document isn't included in any toctree
/scratch/hgv27681/work/epics-containers.github.io/docs/tutorials/setup_k8s.rst: WARNING: document isn't included in any toctree
/scratch/hgv27681/work/epics-containers.github.io/docs/tutorials/useful_k8s.rst: WARNING: document isn't included in any toctree
done
preparing documents... done
writing output... [  2%] developer/explanations/decisions
writing output... [  5%] developer/explanations/decisions/0001-record-architecture-decisions
writing output... [  7%] developer/explanations/decisions/0002-switched-to-pip-skeleton
writing output... [ 10%] developer/how-to/build-docs
writing output... [ 12%] developer/how-to/contribute
writing output... [ 15%] developer/how-to/lint
writing output... [ 17%] developer/how-to/make-release
writing output... [ 20%] developer/how-to/pin-requirements
writing output... [ 23%] developer/how-to/run-tests
writing output... [ 25%] developer/how-to/static-analysis
writing output... [ 28%] developer/how-to/test-container
writing output... [ 30%] developer/how-to/update-tools
writing output... [ 33%] developer/index
writing output... [ 35%] developer/reference/standards
writing output... [ 38%] developer/tutorials/dev-install
writing output... [ 41%] explanations/introduction
writing output... [ 43%] explanations/kubernetes_cluster
writing output... [ 46%] explanations/net_protocols
writing output... [ 48%] explanations/whats_in
writing output... [ 51%] genindex
writing output... [ 53%] how-to/add_ioc
writing output... [ 56%] how-to/create_ioc
writing output... [ 58%] how-to/debug
writing output... [ 61%] how-to/run_iocs
writing output... [ 64%] index
writing output... [ 66%] overview
writing output... [ 69%] reference/cli
writing output... [ 71%] reference/contributing
writing output... [ 74%] reference/faq
writing output... [ 76%] tutorials/create_beamline
writing output... [ 79%] tutorials/deploy_example
writing output... [ 82%] tutorials/manage_iocs
writing output... [ 84%] tutorials/setup_k8s
writing output... [ 87%] tutorials/useful_k8s
writing output... [ 89%] user/explanations/docs-structure
writing output... [ 92%] user/how-to/run-container
writing output... [ 94%] user/index
writing output... [ 97%] user/reference/api
writing output... [100%] user/tutorials/installation

generating indices... genindex py-modindex done
writing additional pages... search done
copying static files... done
copying extra files... done
dumping search index in English (code: en)... done
dumping object inventory... done
build finished with problems, 40 warnings.
ERROR: InvocationError for command /venv/bin/sphinx-build -EW --keep-going -T docs build/html (exited with code 1)
