action: docs, msg: envreport
cwd: /repos/epics-containers.github.io
cmd: /venv/bin/python -m pip freeze
accessible-pygments==0.0.4
alabaster==0.7.13
annotated-types==0.5.0
apischema==0.18.1
Babel==2.13.1
beautifulsoup4==4.12.2
black==23.11.0
-e git+ssh://git@github.com/epics-containers/builder2ibek.git@4a452d9e331fac2aa2b87aaa606761e14607f4f2#egg=builder2ibek
certifi==2023.7.22
cfgv==3.4.0
charset-normalizer==3.3.2
click==8.1.7
colorama==0.4.6
coverage==7.3.2
distlib==0.3.7
docutils==0.19
-e git+ssh://git@github.com/epics-containers/epics-containers.github.io.git@325beb48ed8489ef241c36eabe69adf8c1b8a5b4#egg=epics_containers
exceptiongroup==1.1.3
filelock==3.13.1
flake8==6.1.0
flake8-isort==6.1.1
Flake8-pyproject==1.2.3
gitdb==4.0.10
GitPython==3.1.37
-e git+ssh://git@github.com/epics-containers/ibek.git@b220bd64ef5f4e7734a0a42ba65567c7a7d79056#egg=ibek
identify==2.5.31
idna==3.4
imagesize==1.4.1
iniconfig==2.0.0
isort==5.12.0
Jinja2==3.1.2
livereload==2.6.3
lxml==4.9.3
MarkupSafe==2.1.3
mccabe==0.7.0
mypy==1.7.0
mypy-extensions==1.0.0
nodeenv==1.8.0
packaging==23.2
pathlib2==2.3.7.post1
pathspec==0.11.2
pipdeptree==2.13.1
platformdirs==3.11.0
pluggy==1.3.0
pre-commit==3.5.0
-e git+ssh://git@github.com/epics-containers/pvi.git@2cb2862d04ed395894af41eaeafd546445cfd37f#egg=pvi
py==1.11.0
pycodestyle==2.11.1
pydantic==2.5.0
pydantic_core==2.14.1
pydata-sphinx-theme==0.14.3
pyflakes==3.1.0
Pygments==2.16.1
pytest==7.4.3
pytest-cov==4.1.0
pytest-env==1.1.1
pytest-mock==3.12.0
PyYAML==6.0.1
requests==2.31.0
ruamel.yaml==0.17.35
ruamel.yaml.clib==0.2.8
ruff==0.1.5
six==1.16.0
smmap==5.0.1
snowballstemmer==2.2.0
soupsieve==2.5
Sphinx==6.2.1
sphinx-autobuild==2021.3.14
sphinx-copybutton==0.5.2
sphinx_design==0.5.0
sphinxcontrib-applehelp==1.0.7
sphinxcontrib-devhelp==1.0.5
sphinxcontrib-htmlhelp==2.0.4
sphinxcontrib-jsmath==1.0.1
sphinxcontrib-qthelp==1.0.6
sphinxcontrib-serializinghtml==1.1.9
tomli==2.0.1
tornado==6.3.3
tox==3.28.0
tox-direct==0.4
typer==0.9.0
types-mock==5.1.0.2
types-requests==2.31.0.10
typing_extensions==4.8.0
urllib3==2.0.7
virtualenv==20.24.6
