action: docs, msg: envreport
cwd: /repos/epics-containers.github.io
cmd: /venv/bin/python -m pip freeze
accessible-pygments==0.0.4
alabaster==0.7.13
annotated-types==0.5.0
apischema==0.18.1
Babel==2.13.1
beautifulsoup4==4.12.2
black==23.11.0
certifi==2023.7.22
cfgv==3.4.0
charset-normalizer==3.3.2
click==8.1.7
colorama==0.4.6
coverage==7.3.2
distlib==0.3.7
docutils==0.19
exceptiongroup==1.1.3
filelock==3.13.1
gitdb==4.0.10
GitPython==3.1.37
-e git+ssh://git@github.com/epics-containers/ibek.git@5abc43e03d4dd936113dea7cb44a99f584a6cdb6#egg=ibek
identify==2.5.31
idna==3.4
imagesize==1.4.1
iniconfig==2.0.0
Jinja2==3.1.2
livereload==2.6.3
lxml==4.9.3
MarkupSafe==2.1.3
mypy==1.7.0
mypy-extensions==1.0.0
nodeenv==1.8.0
packaging==23.2
pathlib2==2.3.7.post1
pathspec==0.11.2
pipdeptree==2.13.1
platformdirs==3.11.0
pluggy==1.3.0
pre-commit==3.5.0
pvi==0.6
py==1.11.0
pydantic==2.3.0
pydantic_core==2.6.3
pydata-sphinx-theme==0.14.3
Pygments==2.16.1
pytest==7.4.3
pytest-cov==4.1.0
pytest-env==1.1.1
pytest-mock==3.12.0
PyYAML==6.0.1
requests==2.31.0
ruamel.yaml==0.17.35
ruamel.yaml.clib==0.2.8
ruff==0.1.5
six==1.16.0
smmap==5.0.1
snowballstemmer==2.2.0
soupsieve==2.5
Sphinx==6.2.1
sphinx-autobuild==2021.3.14
sphinx-copybutton==0.5.2
sphinx_design==0.5.0
sphinxcontrib-applehelp==1.0.7
sphinxcontrib-devhelp==1.0.5
sphinxcontrib-htmlhelp==2.0.4
sphinxcontrib-jsmath==1.0.1
sphinxcontrib-qthelp==1.0.6
sphinxcontrib-serializinghtml==1.1.9
tomli==2.0.1
tornado==6.3.3
tox==3.28.0
tox-direct==0.4
typer==0.9.0
types-mock==5.1.0.2
typing_extensions==4.8.0
urllib3==2.0.7
virtualenv==20.24.6
