action: docs, msg: envreport
cwd: /repos/epics-containers.github.io
cmd: /venv/bin/python -m pip freeze
accessible-pygments==0.0.4
alabaster==0.7.13
annotated-types==0.6.0
apischema==0.18.1
Babel==2.13.1
beautifulsoup4==4.12.2
black==22.3.0
-e git+ssh://git@github.com/epics-containers/builder2ibek.git@23243fe286a1364e5b31a83432363120eb3a6a4a#egg=builder2ibek
certifi==2023.11.17
cfgv==3.4.0
charset-normalizer==3.3.2
click==8.1.7
colorama==0.4.6
coverage==7.3.2
distlib==0.3.7
docutils==0.19
-e git+ssh://git@github.com/epics-containers/epics-containers.github.io.git@991b5113e369dd007c41f142cb6bbde0e8db4318#egg=epics_containers
-e git+ssh://git@github.com/epics-containers/epics-containers-cli.git@977a5668dcad8eede629d5e2d7a3187a89906259#egg=epics_containers_cli
exceptiongroup==1.2.0
filelock==3.13.1
flake8==6.1.0
flake8-isort==6.1.1
Flake8-pyproject==1.2.3
gitdb==4.0.11
GitPython==3.1.40
-e git+ssh://git@github.com/epics-containers/ibek.git@8804869a0efcdf45a331717b305654869548e8a7#egg=ibek
identify==2.5.32
idna==3.6
imagesize==1.4.1
iniconfig==2.0.0
isort==5.13.1
Jinja2==3.1.2
livereload==2.6.3
lxml==4.9.3
markdown-it-py==3.0.0
MarkupSafe==2.1.3
mccabe==0.7.0
mdurl==0.1.2
mock==5.1.0
mypy==1.7.1
mypy-extensions==1.0.0
nodeenv==1.8.0
packaging==23.2
pathlib2==2.3.7.post1
pathspec==0.11.2
pipdeptree==2.13.1
platformdirs==4.0.0
pluggy==1.3.0
pre-commit==3.6.0
pvi==0.6.1
py==1.11.0
pycodestyle==2.11.1
pydantic==2.5.2
pydantic_core==2.14.5
pydata-sphinx-theme==0.14.4
pyflakes==3.1.0
Pygments==2.17.2
pytest==7.4.3
pytest-cov==4.1.0
pytest-mock==3.12.0
python3-pip-skeleton==3.5.0
PyYAML==6.0.1
requests==2.31.0
rich==13.7.0
ruamel.yaml==0.18.5
ruamel.yaml.clib==0.2.8
ruff==0.1.6
setuptools-scm==8.0.4
shellingham==1.5.4
six==1.16.0
smmap==5.0.1
snowballstemmer==2.2.0
soupsieve==2.5
Sphinx==6.2.1
sphinx-apischema==0.1
sphinx-autobuild==2021.3.14
sphinx-copybutton==0.5.2
sphinx-rtd-theme==2.0.0
sphinx-rtd-theme-github-versions==1.1
sphinx_design==0.5.0
sphinxcontrib-applehelp==1.0.7
sphinxcontrib-devhelp==1.0.5
sphinxcontrib-htmlhelp==2.0.4
sphinxcontrib-jquery==4.1
sphinxcontrib-jsmath==1.0.1
sphinxcontrib-qthelp==1.0.6
sphinxcontrib-serializinghtml==1.1.9
tomli==2.0.1
tornado==6.4
tox==3.28.0
tox-direct==0.4
typer==0.9.0
types-mock==5.1.0.3
types-requests==2.31.0.10
typing_extensions==4.8.0
urllib3==2.1.0
virtualenv==20.24.7
