action: docs, msg: envreport
cwd: /repos/epics-containers.github.io
cmd: /venv/bin/python -m pip freeze
accessible-pygments==0.0.4
alabaster==0.7.13
annotated-types==0.5.0
apischema==0.18.1
Babel==2.13.0
beautifulsoup4==4.12.2
black==23.9.1
certifi==2023.7.22
cfgv==3.4.0
charset-normalizer==3.3.0
click==8.1.7
colorama==0.4.6
coverage==7.3.2
distlib==0.3.7
docutils==0.19
-e git+ssh://git@github.com/epics-containers/epics-containers.github.io.git@1a80f75364eb4831156fc9de7d6a2ed816bce01a#egg=epics_containers
-e git+ssh://git@github.com/epics-containers/epics-containers-cli.git@ee963e77a2b9b07f1eb0ce1d30a98f78a5d4cf2b#egg=epics_containers_cli
exceptiongroup==1.1.3
filelock==3.12.4
flake8==6.1.0
flake8-isort==6.1.0
Flake8-pyproject==1.2.3
gitdb==4.0.10
GitPython==3.1.37
-e git+ssh://git@github.com/epics-containers/ibek.git@8450a7f951b112d22167019e09ce64153f416ce2#egg=ibek
identify==2.5.30
idna==3.4
imagesize==1.4.1
iniconfig==2.0.0
isort==5.12.0
Jinja2==3.1.2
livereload==2.6.3
lxml==4.9.3
markdown-it-py==3.0.0
MarkupSafe==2.1.3
mccabe==0.7.0
mdurl==0.1.2
mock==5.1.0
mypy==1.6.0
mypy-extensions==1.0.0
nodeenv==1.8.0
packaging==23.2
pathlib2==2.3.7.post1
pathspec==0.11.2
pipdeptree==2.13.0
platformdirs==3.11.0
pluggy==1.3.0
pre-commit==3.4.0
-e git+ssh://git@github.com/epics-containers/pvi.git@35fba562d1fed8a31bdb3a70f0c6c27f0f49ca9f#egg=pvi
py==1.11.0
pycodestyle==2.11.1
pydantic==2.4.2
pydantic_core==2.10.1
pydata-sphinx-theme==0.14.1
pyflakes==3.1.0
Pygments==2.16.1
pytest==7.4.2
pytest-cov==4.1.0
PyYAML==6.0.1
requests==2.31.0
ruamel.yaml==0.17.35
ruamel.yaml.clib==0.2.8
ruff==0.0.292
shellingham==1.5.3
six==1.16.0
smmap==5.0.1
snowballstemmer==2.2.0
soupsieve==2.5
Sphinx==6.2.1
sphinx-autobuild==2021.3.14
sphinx-copybutton==0.5.2
sphinx_design==0.5.0
sphinxcontrib-applehelp==1.0.7
sphinxcontrib-devhelp==1.0.5
sphinxcontrib-htmlhelp==2.0.4
sphinxcontrib-jsmath==1.0.1
sphinxcontrib-qthelp==1.0.6
sphinxcontrib-serializinghtml==1.1.9
tomli==2.0.1
tornado==6.3.3
tox==3.28.0
tox-direct==0.4
typer==0.9.0
types-mock==5.1.0.2
types-requests==2.31.0.9
typing_extensions==4.8.0
urllib3==2.0.6
virtualenv==20.24.5
